2025-12-15 21:01:36,923 - ============================================================
2025-12-15 21:01:36,926 - 🚀 Agendador iniciado!
2025-12-15 21:01:36,927 - 📂 Diretório: G:\Meu Drive\Mestrado\Mestrado mesmo\ScriptScrapping
2025-12-15 21:01:36,928 - 🐍 Sistema: win32
2025-12-15 21:01:36,929 - ⏰ Scraping agendado para: 20:00 todos os dias
2025-12-15 21:01:36,929 - ============================================================
2025-12-16 20:00:38,208 - 🕐 Executando scraping agendado...
2025-12-16 20:00:51,646 - ✅ Scraping concluído com sucesso!
2025-12-17 20:00:53,700 - 🕐 Executando scraping agendado...
2025-12-17 20:01:07,159 - ✅ Scraping concluído com sucesso!
2025-12-18 20:00:11,283 - 🕐 Executando scraping agendado...
2025-12-18 20:00:25,600 - ✅ Scraping concluído com sucesso!
2025-12-19 20:00:26,791 - 🕐 Executando scraping agendado...
2025-12-19 20:00:42,336 - ✅ Scraping concluído com sucesso!
2025-12-20 20:00:43,194 - 🕐 Executando scraping agendado...
2025-12-20 20:00:57,182 - ✅ Scraping concluído com sucesso!
2025-12-21 20:00:58,021 - 🕐 Executando scraping agendado...
2025-12-21 20:01:11,115 - ✅ Scraping concluído com sucesso!
2025-12-22 20:00:11,960 - 🕐 Executando scraping agendado...
2025-12-22 20:00:25,810 - ✅ Scraping concluído com sucesso!
2025-12-23 20:00:28,787 - 🕐 Executando scraping agendado...
2025-12-23 20:00:42,032 - ✅ Scraping concluído com sucesso!
2025-12-24 20:00:44,017 - 🕐 Executando scraping agendado...
2025-12-24 20:00:58,007 - ✅ Scraping concluído com sucesso!
2025-12-25 20:00:58,960 - 🕐 Executando scraping agendado...
2025-12-25 20:01:12,289 - ✅ Scraping concluído com sucesso!
2025-12-26 20:00:13,153 - 🕐 Executando scraping agendado...
2025-12-26 20:00:26,571 - ✅ Scraping concluído com sucesso!
2025-12-27 20:00:27,430 - 🕐 Executando scraping agendado...
2025-12-27 20:00:40,573 - ✅ Scraping concluído com sucesso!
2025-12-28 20:00:41,433 - 🕐 Executando scraping agendado...
2025-12-28 20:00:54,206 - ✅ Scraping concluído com sucesso!
2025-12-29 20:00:55,081 - 🕐 Executando scraping agendado...
2025-12-29 20:01:08,547 - ✅ Scraping concluído com sucesso!
2025-12-30 20:00:10,979 - 🕐 Executando scraping agendado...
2025-12-30 20:00:25,448 - ✅ Scraping concluído com sucesso!
2025-12-31 20:00:26,814 - 🕐 Executando scraping agendado...
2025-12-31 20:00:41,081 - ✅ Scraping concluído com sucesso!
2026-01-01 20:00:43,919 - 🕐 Executando scraping agendado...
2026-01-01 20:00:57,675 - ✅ Scraping concluído com sucesso!
2026-01-02 20:00:03,054 - 🕐 Executando scraping agendado...
2026-01-02 20:00:16,574 - ✅ Scraping concluído com sucesso!
2026-01-03 20:00:17,510 - 🕐 Executando scraping agendado...
2026-01-03 20:00:33,226 - ✅ Scraping concluído com sucesso!
2026-01-04 20:00:34,165 - 🕐 Executando scraping agendado...
2026-01-04 20:00:47,224 - ✅ Scraping concluído com sucesso!
2026-01-05 20:00:48,062 - 🕐 Executando scraping agendado...
2026-01-05 20:01:02,023 - ✅ Scraping concluído com sucesso!
2026-01-06 20:00:02,928 - 🕐 Executando scraping agendado...
2026-01-06 20:00:16,932 - ✅ Scraping concluído com sucesso!
