2025-12-09 19:27:48,351 - ============================================================
2025-12-09 19:27:48,354 - 🚀 Agendador iniciado!
2025-12-09 19:27:48,355 - 📂 Diretório: G:\Meu Drive\Mestrado\Mestrado mesmo\ScriptScrapping
2025-12-09 19:27:48,356 - 🐍 Sistema: win32
2025-12-09 19:27:48,356 - ⏰ Scraping agendado para: 20:00 todos os dias
2025-12-09 19:27:48,357 - ============================================================
2025-12-09 19:28:12,409 - 
⏹️ Agendador finalizado pelo usuário
2025-12-09 19:34:23,078 - ============================================================
2025-12-09 19:34:23,080 - 🚀 Agendador iniciado!
2025-12-09 19:34:23,081 - 📂 Diretório: G:\Meu Drive\Mestrado\Mestrado mesmo\ScriptScrapping
2025-12-09 19:34:23,081 - 🐍 Sistema: win32
2025-12-09 19:34:23,082 - ⏰ Scraping agendado para: 20:00 todos os dias
2025-12-09 19:34:23,082 - ============================================================
2025-12-09 19:35:29,701 - 
⏹️ Agendador finalizado pelo usuário
2025-12-09 19:37:17,858 - ============================================================
2025-12-09 19:37:17,861 - 🚀 Agendador iniciado!
2025-12-09 19:37:17,861 - 📂 Diretório: G:\Meu Drive\Mestrado\Mestrado mesmo\ScriptScrapping
2025-12-09 19:37:17,862 - 🐍 Sistema: win32
2025-12-09 19:37:17,862 - ⏰ Scraping agendado para: 20:00 todos os dias
2025-12-09 19:37:17,862 - ============================================================
2025-12-09 20:00:17,874 - 🕐 Executando scraping agendado...
2025-12-09 20:00:19,703 - ✅ Scraping concluído com sucesso!
2025-12-10 20:00:20,456 - 🕐 Executando scraping agendado...
2025-12-10 20:00:32,644 - ✅ Scraping concluído com sucesso!
